Using pre-set license
Built from '2022.3/release' branch; Version is '2022.3.20f1 (61c2feb0970d) revision 6406910'; Using compiler version '192829333'; Build Type 'Release'
OS: 'Windows 11  (10.0.22631) 64bit CoreSingleLanguage' Language: 'en' Physical Memory: 14181 MB
BatchMode: 1, IsHumanControllingUs: 0, StartBugReporterOnCrash: 0, Is64bit: 1, IsPro: 1

COMMAND LINE ARGUMENTS:
C:\Program Files\Unity\Hub\Editor\2022.3.20f1\Editor\Unity.exe
-adb2
-batchMode
-noUpm
-name
AssetImportWorker2
-projectPath
C:/Users/singh/Documents/ArVr/markeredproject2
-logFile
Logs/AssetImportWorker2.log
-srvPort
57984
Successfully changed project path to: C:/Users/singh/Documents/ArVr/markeredproject2
C:/Users/singh/Documents/ArVr/markeredproject2
[UnityMemory] Configuration Parameters - Can be set up in boot.config
    "memorysetup-bucket-allocator-granularity=16"
    "memorysetup-bucket-allocator-bucket-count=8"
    "memorysetup-bucket-allocator-block-size=33554432"
    "memorysetup-bucket-allocator-block-count=8"
    "memorysetup-main-allocator-block-size=16777216"
    "memorysetup-thread-allocator-block-size=16777216"
    "memorysetup-gfx-main-allocator-block-size=16777216"
    "memorysetup-gfx-thread-allocator-block-size=16777216"
    "memorysetup-cache-allocator-block-size=4194304"
    "memorysetup-typetree-allocator-block-size=2097152"
    "memorysetup-profiler-bucket-allocator-granularity=16"
    "memorysetup-profiler-bucket-allocator-bucket-count=8"
    "memorysetup-profiler-bucket-allocator-block-size=33554432"
    "memorysetup-profiler-bucket-allocator-block-count=8"
    "memorysetup-profiler-allocator-block-size=16777216"
    "memorysetup-profiler-editor-allocator-block-size=1048576"
    "memorysetup-temp-allocator-size-main=16777216"
    "memorysetup-job-temp-allocator-block-size=2097152"
    "memorysetup-job-temp-allocator-block-size-background=1048576"
    "memorysetup-job-temp-allocator-reduction-small-platforms=262144"
    "memorysetup-allocator-temp-initial-block-size-main=262144"
    "memorysetup-allocator-temp-initial-block-size-worker=262144"
    "memorysetup-temp-allocator-size-background-worker=32768"
    "memorysetup-temp-allocator-size-job-worker=262144"
    "memorysetup-temp-allocator-size-preload-manager=33554432"
    "memorysetup-temp-allocator-size-nav-mesh-worker=65536"
    "memorysetup-temp-allocator-size-audio-worker=65536"
    "memorysetup-temp-allocator-size-cloud-worker=32768"
    "memorysetup-temp-allocator-size-gi-baking-worker=262144"
    "memorysetup-temp-allocator-size-gfx=262144"
Player connection [4404] Host "[IP] 192.168.56.1 [Port] 0 [Flags] 2 [Guid] 299437399 [EditorId] 299437399 [Version] 1048832 [Id] WindowsEditor(7,ByteBlaze) [Debug] 1 [PackageName] WindowsEditor [ProjectName] Editor" joined multi-casting on [225.0.0.222:54997]...

Player connection [4404] Host "[IP] 192.168.56.1 [Port] 0 [Flags] 2 [Guid] 299437399 [EditorId] 299437399 [Version] 1048832 [Id] WindowsEditor(7,ByteBlaze) [Debug] 1 [PackageName] WindowsEditor [ProjectName] Editor" joined alternative multi-casting on [225.0.0.222:34997]...

[Physics::Module] Initialized MultithreadedJobDispatcher with 15 workers.
Refreshing native plugins compatible for Editor in 82.94 ms, found 6 plugins.
Preloading 2 native plugins for Editor in 7.46 ms.
Initialize engine version: 2022.3.20f1 (61c2feb0970d)
[Subsystems] Discovering subsystems at path C:/Program Files/Unity/Hub/Editor/2022.3.20f1/Editor/Data/Resources/UnitySubsystems
[Subsystems] Discovering subsystems at path C:/Users/singh/Documents/ArVr/markeredproject2/Assets
GfxDevice: creating device client; threaded=0; jobified=0
Direct3D:
    Version:  Direct3D 11.0 [level 11.1]
    Renderer: AMD Radeon(TM) Graphics (ID=0x164c)
    Vendor:   ATI
    VRAM:     7090 MB
    Driver:   31.0.12044.56000
Initialize mono
Mono path[0] = 'C:/Program Files/Unity/Hub/Editor/2022.3.20f1/Editor/Data/Managed'
Mono path[1] = 'C:/Program Files/Unity/Hub/Editor/2022.3.20f1/Editor/Data/MonoBleedingEdge/lib/mono/unityjit-win32'
Mono config path = 'C:/Program Files/Unity/Hub/Editor/2022.3.20f1/Editor/Data/MonoBleedingEdge/etc'
Using monoOptions --debugger-agent=transport=dt_socket,embedding=1,server=y,suspend=n,address=127.0.0.1:56236
Begin MonoManager ReloadAssembly
Registering precompiled unity dll's ...
Register platform support module: C:/Program Files/Unity/Hub/Editor/2022.3.20f1/Editor/Data/PlaybackEngines/WebGLSupport/UnityEditor.WebGL.Extensions.dll
Register platform support module: C:/Program Files/Unity/Hub/Editor/2022.3.20f1/Editor/Data/PlaybackEngines/AndroidPlayer/UnityEditor.Android.Extensions.dll
Register platform support module: C:/Program Files/Unity/Hub/Editor/2022.3.20f1/Editor/Data/PlaybackEngines/WindowsStandaloneSupport/UnityEditor.WindowsStandalone.Extensions.dll
Registered in 0.017981 seconds.
- Loaded All Assemblies, in  0.683 seconds
Native extension for WindowsStandalone target not found
Native extension for Android target not found
Android Extension - Scanning For ADB Devices 480 ms
Native extension for WebGL target not found
Mono: successfully reloaded assembly
- Finished resetting the current domain, in  1.101 seconds
Domain Reload Profiling: 1781ms
	BeginReloadAssembly (229ms)
		ExecutionOrderSort (0ms)
		DisableScriptedObjects (0ms)
		BackupInstance (0ms)
		ReleaseScriptingObjects (0ms)
		CreateAndSetChildDomain (1ms)
	RebuildCommonClasses (61ms)
	RebuildNativeTypeToScriptingClass (17ms)
	initialDomainReloadingComplete (111ms)
	LoadAllAssembliesAndSetupDomain (260ms)
		LoadAssemblies (225ms)
		RebuildTransferFunctionScriptingTraits (0ms)
		AnalyzeDomain (256ms)
			TypeCache.Refresh (253ms)
				TypeCache.ScanAssembly (229ms)
			ScanForSourceGeneratedMonoScriptInfo (1ms)
			ResolveRequiredComponents (1ms)
	FinalizeReload (1102ms)
		ReleaseScriptCaches (0ms)
		RebuildScriptCaches (0ms)
		SetupLoadedEditorAssemblies (992ms)
			LogAssemblyErrors (0ms)
			InitializePlatformSupportModulesInManaged (680ms)
			SetLoadedEditorAssemblies (8ms)
			RefreshPlugins (0ms)
			BeforeProcessingInitializeOnLoad (3ms)
			ProcessInitializeOnLoadAttributes (232ms)
			ProcessInitializeOnLoadMethodAttributes (69ms)
			AfterProcessingInitializeOnLoad (0ms)
			EditorAssembliesLoaded (0ms)
		ExecutionOrderSort2 (0ms)
		AwakeInstancesAfterBackupRestoration (0ms)
========================================================================
Worker process is ready to serve import requests
Begin MonoManager ReloadAssembly
- Loaded All Assemblies, in  1.377 seconds
Refreshing native plugins compatible for Editor in 18.20 ms, found 6 plugins.
Native extension for WindowsStandalone target not found
Native extension for Android target not found
Native extension for WebGL target not found
Package Manager log level set to [2]
[Package Manager] Server::EnsureServerProcessIsRunning -- launch failed, reason: Unity was launched with the -noUpm command-line argument
[Package Manager] UpmClient::Send -- Unable to send message (not connected to UPM process).
[Package Manager] Cannot connect to Unity Package Manager local server
Mono: successfully reloaded assembly
- Finished resetting the current domain, in  1.012 seconds
Domain Reload Profiling: 2383ms
	BeginReloadAssembly (280ms)
		ExecutionOrderSort (0ms)
		DisableScriptedObjects (13ms)
		BackupInstance (0ms)
		ReleaseScriptingObjects (0ms)
		CreateAndSetChildDomain (44ms)
	RebuildCommonClasses (62ms)
	RebuildNativeTypeToScriptingClass (17ms)
	initialDomainReloadingComplete (148ms)
	LoadAllAssembliesAndSetupDomain (862ms)
		LoadAssemblies (704ms)
		RebuildTransferFunctionScriptingTraits (0ms)
		AnalyzeDomain (320ms)
			TypeCache.Refresh (285ms)
				TypeCache.ScanAssembly (257ms)
			ScanForSourceGeneratedMonoScriptInfo (23ms)
			ResolveRequiredComponents (9ms)
	FinalizeReload (1013ms)
		ReleaseScriptCaches (0ms)
		RebuildScriptCaches (0ms)
		SetupLoadedEditorAssemblies (714ms)
			LogAssemblyErrors (0ms)
			InitializePlatformSupportModulesInManaged (48ms)
			SetLoadedEditorAssemblies (6ms)
			RefreshPlugins (0ms)
			BeforeProcessingInitializeOnLoad (95ms)
			ProcessInitializeOnLoadAttributes (513ms)
			ProcessInitializeOnLoadMethodAttributes (39ms)
			AfterProcessingInitializeOnLoad (13ms)
			EditorAssembliesLoaded (0ms)
		ExecutionOrderSort2 (0ms)
		AwakeInstancesAfterBackupRestoration (13ms)
Launched and connected shader compiler UnityShaderCompiler.exe after 0.12 seconds
Refreshing native plugins compatible for Editor in 20.45 ms, found 6 plugins.
Preloading 2 native plugins for Editor in 0.18 ms.
Unloading 3169 Unused Serialized files (Serialized files now loaded: 0)
Unloading 60 unused Assets / (104.0 KB). Loaded Objects now: 3932.
Memory consumption went from 144.8 MB to 144.7 MB.
Total: 25.554800 ms (FindLiveObjects: 0.930700 ms CreateObjectMapping: 0.487900 ms MarkObjects: 23.670900 ms  DeleteObjects: 0.460800 ms)

AssetImportParameters requested are different than current active one (requested -> active):
  custom:container-demuxer-ogg: 62fdf1f143b41e24485cea50d1cbac27 -> 
  custom:video-codec-MediaFoundation-h265: 746d11721c4dcdbdad8f713fa42b33f4 -> 
  custom:video-decoder-ogg-theora: a1e56fd34408186e4bbccfd4996cb3dc -> 
  custom:framework-win-MediaFoundation: 216162199b28c13a410421893ffa2e32 -> 
  custom:CustomObjectIndexerAttribute: 6d391050e5a25f67b0a2c618074f2cd9 -> 
  custom:container-demuxer-webm: 4f35f7cbe854078d1ac9338744f61a02 -> 
  custom:container-muxer-webm: aa71ff27fc2769a1b78a27578f13a17b -> 
  custom:video-decoder-webm-vp8: 9c59270c3fd7afecdb556c50c9e8de78 -> 
  custom:SearchIndexIgnoredProperties: e643bd26f0fe6173181afceb89e7c659 -> 
  custom:AudioImporter_EditorPlatform: d09bf68614088b80899f8185d706f6e7 -> 
  custom:video-encoder-webm-vp8: eb34c28f22e8b96e1ab97ce403110664 -> 
  custom:audio-decoder-ogg-vorbis: bf7c407c2cedff20999df2af8eb42d56 -> 
  custom:audio-encoder-webm-vorbis: bf7c407c2cedff20999df2af8eb42d56 -> 
========================================================================
Received Import Request.
  Time since last request: 706723.551808 seconds.
  path: Assets/Import/textures/phong2SG_baseColor_11.png
  artifactKey: Guid(d812677a83f0f5d45bb8c5f16e457473) Importer(815301076,1909f56bfc062723c751e8b465ee728b)
Start importing Assets/Import/textures/phong2SG_baseColor_11.png using Guid(d812677a83f0f5d45bb8c5f16e457473) Importer(815301076,1909f56bfc062723c751e8b465ee728b)  -> (artifact id: '9916133022cfeb4ae2377b2117e501d2') in 0.157124 seconds
Number of updated asset objects reloaded before import = 0
Number of asset objects unloaded after import = 2
========================================================================
Received Import Request.
  Time since last request: 11.552023 seconds.
  path: Assets/Resources/VuforiaConfiguration.asset
  artifactKey: Guid(e1fe7e22e55d6d3448f66e74d5484693) Importer(815301076,1909f56bfc062723c751e8b465ee728b)
Start importing Assets/Resources/VuforiaConfiguration.asset using Guid(e1fe7e22e55d6d3448f66e74d5484693) Importer(815301076,1909f56bfc062723c751e8b465ee728b)  -> (artifact id: '0afec0b503489b5413aebec1d8e25636') in 0.371608 seconds
Number of updated asset objects reloaded before import = 0
Number of asset objects unloaded after import = 435
========================================================================
Received Import Request.
  Time since last request: 99.944308 seconds.
  path: Assets/Import/Imported.prefab
  artifactKey: Guid(dc7803be57f8f7044a0e539c1c5cece8) Importer(815301076,1909f56bfc062723c751e8b465ee728b)
Start importing Assets/Import/Imported.prefab using Guid(dc7803be57f8f7044a0e539c1c5cece8) Importer(815301076,1909f56bfc062723c751e8b465ee728b)  -> (artifact id: 'b8e18638458ae7947d4bcf9fe9988458') in 0.719138 seconds
Number of updated asset objects reloaded before import = 0
Number of asset objects unloaded after import = 67
========================================================================
Received Import Request.
  Time since last request: 203.548354 seconds.
  path: Assets/Import/Imported.prefab
  artifactKey: Guid(dc7803be57f8f7044a0e539c1c5cece8) Importer(815301076,1909f56bfc062723c751e8b465ee728b)
Start importing Assets/Import/Imported.prefab using Guid(dc7803be57f8f7044a0e539c1c5cece8) Importer(815301076,1909f56bfc062723c751e8b465ee728b)  -> (artifact id: '7b1f21ece3daea0cce994c6354847a7a') in 0.705681 seconds
Number of updated asset objects reloaded before import = 0
Number of asset objects unloaded after import = 198
========================================================================
Received Import Request.
  Time since last request: 18.409000 seconds.
  path: Assets/Import/a_hospital_corridor_in_china.zip
  artifactKey: Guid(94f877b0f46c1b6418001411368c221d) Importer(815301076,1909f56bfc062723c751e8b465ee728b)
Start importing Assets/Import/a_hospital_corridor_in_china.zip using Guid(94f877b0f46c1b6418001411368c221d) Importer(815301076,1909f56bfc062723c751e8b465ee728b)  -> (artifact id: '77bcf812a5ef580cb6652de84559eaf9') in 0.002801 seconds
Number of updated asset objects reloaded before import = 0
Number of asset objects unloaded after import = 1
========================================================================
Received Import Request.
  Time since last request: 71.772129 seconds.
  path: Assets/Import/Imported.prefab
  artifactKey: Guid(dc7803be57f8f7044a0e539c1c5cece8) Importer(815301076,1909f56bfc062723c751e8b465ee728b)
Start importing Assets/Import/Imported.prefab using Guid(dc7803be57f8f7044a0e539c1c5cece8) Importer(815301076,1909f56bfc062723c751e8b465ee728b)  -> (artifact id: 'beb46f96e83c2e5e5e6216729f39194f') in 0.266392 seconds
Number of updated asset objects reloaded before import = 0
Number of asset objects unloaded after import = 198
========================================================================
Received Import Request.
  Time since last request: 0.393887 seconds.
  path: Assets/Import/Imported.prefab
  artifactKey: Guid(dc7803be57f8f7044a0e539c1c5cece8) Importer(815301076,1909f56bfc062723c751e8b465ee728b)
Start importing Assets/Import/Imported.prefab using Guid(dc7803be57f8f7044a0e539c1c5cece8) Importer(815301076,1909f56bfc062723c751e8b465ee728b)  -> (artifact id: 'f00b9a399df50fafbb9e96aedfd28b67') in 0.261558 seconds
Number of updated asset objects reloaded before import = 0
Number of asset objects unloaded after import = 198
========================================================================
Received Import Request.
  Time since last request: 0.397683 seconds.
  path: Assets/Import/Imported.prefab
  artifactKey: Guid(dc7803be57f8f7044a0e539c1c5cece8) Importer(815301076,1909f56bfc062723c751e8b465ee728b)
Start importing Assets/Import/Imported.prefab using Guid(dc7803be57f8f7044a0e539c1c5cece8) Importer(815301076,1909f56bfc062723c751e8b465ee728b)  -> (artifact id: '360f77850a3fc4bdbe92b35668d6ebaf') in 0.269656 seconds
Number of updated asset objects reloaded before import = 0
Number of asset objects unloaded after import = 198
========================================================================
Received Import Request.
  Time since last request: 0.396353 seconds.
  path: Assets/Import/Imported.prefab
  artifactKey: Guid(dc7803be57f8f7044a0e539c1c5cece8) Importer(815301076,1909f56bfc062723c751e8b465ee728b)
Start importing Assets/Import/Imported.prefab using Guid(dc7803be57f8f7044a0e539c1c5cece8) Importer(815301076,1909f56bfc062723c751e8b465ee728b)  -> (artifact id: '00000000000000000000000000000000') in 1.194209 seconds
Import Error Code:(4)
Message: Build asset version error: assets/import/meshes/object_12_12_0.asset in SourceAssetDB has modification time of '2024-05-09T21:11:16.3370433Z' while content on disk has modification time of '0001-01-01T00:00:00Z' with error code 2
Stacktrace:
0x00007ff6fea85cfd (Unity) StackWalker::GetCurrentCallstack
0x00007ff6fea8adc9 (Unity) StackWalker::ShowCallstack
0x00007ff6ffa63ad1 (Unity) GetStacktrace
0x00007ff6ffdf90a3 (Unity) GetAssetHashAndValidate
0x00007ff6ffdf2ab0 (Unity) AssetVersionBuilder::BuildAssetVersion
0x00007ff6ffd75d0c (Unity) CreateAssetVersionBuilder
0x00007ff6ffd7cab6 (Unity) ImportToObjects
0x00007ff6ffd7b91c (Unity) ImportAsset
0x00007ff6ffda07d8 (Unity) AssetImportWorker::Import
0x00007ff6ffe07bd2 (Unity) <lambda_183697078dc22ecb201e4599e9982eaf>::operator()
0x00007ff6ffe443d2 (Unity) asio::detail::completion_handler<core::mutable_function<void __cdecl(void)>,asio::io_context::basic_executor_type<std::allocator<void>,0> >::do_complete
0x00007ff6ffe3037e (Unity) asio::detail::win_iocp_io_context::do_one
0x00007ff6ffe31fe4 (Unity) asio::detail::win_iocp_io_context::run
0x00007ff6ffe4277c (Unity) IOService::Run
0x00007ff6ffe162df (Unity) AssetImportWorkerClient::Run
0x00007ff6ffde1217 (Unity) RunAssetImportWorkerClientV2
0x00007ff6ffde129b (Unity) RunAssetImporterV2
0x00007ff6ff5e2591 (Unity) Application::InitializeProject
0x00007ff6ffa6e2b5 (Unity) WinMain
0x00007ff700e4e0ae (Unity) __scrt_common_main_seh
0x00007ff94ef7257d (KERNEL32) BaseThreadInitThunk
0x00007ff94f34aa48 (ntdll) RtlUserThreadStart

  ERROR: Build asset version error: assets/import/meshes/object_12_12_0.asset in SourceAssetDB has modification time of '2024-05-09T21:11:16.3370433Z' while content on disk has modification time of '0001-01-01T00:00:00Z' with error code 2
Stacktrace:
0x00007ff6fea85cfd (Unity) StackWalker::GetCurrentCallstack
0x00007ff6fea8adc9 (Unity) StackWalker::ShowCallstack
0x00007ff6ffa63ad1 (Unity) GetStacktrace
0x00007ff6ffdf90a3 (Unity) GetAssetHashAndValidate
0x00007ff6ffdf2ab0 (Unity) AssetVersionBuilder::BuildAssetVersion
0x00007ff6ffd75d0c (Unity) CreateAssetVersionBuilder
0x00007ff6ffd7cab6 (Unity) ImportToObjects
0x00007ff6ffd7b91c (Unity) ImportAsset
0x00007ff6ffda07d8 (Unity) AssetImportWorker::Import
0x00007ff6ffe07bd2 (Unity) <lambda_183697078dc22ecb201e4599e9982eaf>::operator()
0x00007ff6ffe443d2 (Unity) asio::detail::completion_handler<core::mutable_function<void __cdecl(void)>,asio::io_context::basic_executor_type<std::allocator<void>,0> >::do_complete
0x00007ff6ffe3037e (Unity) asio::detail::win_iocp_io_context::do_one
0x00007ff6ffe31fe4 (Unity) asio::detail::win_iocp_io_context::run
0x00007ff6ffe4277c (Unity) IOService::Run
0x00007ff6ffe162df (Unity) AssetImportWorkerClient::Run
0x00007ff6ffde1217 (Unity) RunAssetImportWorkerClientV2
0x00007ff6ffde129b (Unity) RunAssetImporterV2
0x00007ff6ff5e2591 (Unity) Application::InitializeProject
0x00007ff6ffa6e2b5 (Unity) WinMain
0x00007ff700e4e0ae (Unity) __scrt_common_main_seh
0x00007ff94ef7257d (KERNEL32) BaseThreadInitThunk
0x00007ff94f34aa48 (ntdll) RtlUserThreadStart

Number of updated asset objects reloaded before import = 0
Number of asset objects unloaded after import = 46
========================================================================
Received Import Request.
  Time since last request: 3.547443 seconds.
  path: Assets/Import/Imported.prefab
  artifactKey: Guid(dc7803be57f8f7044a0e539c1c5cece8) Importer(815301076,1909f56bfc062723c751e8b465ee728b)
Start importing Assets/Import/Imported.prefab using Guid(dc7803be57f8f7044a0e539c1c5cece8) Importer(815301076,1909f56bfc062723c751e8b465ee728b)  -> (artifact id: '0f3a9aa035ab39dc72d830befd4d161a') in 0.158052 seconds
Number of updated asset objects reloaded before import = 0
Number of asset objects unloaded after import = 111
========================================================================
Received Import Request.
  Time since last request: 8.820105 seconds.
  path: Assets/Scenes/scene 3.unity
  artifactKey: Guid(e69bf11730790bd4ab3c9d67d8e348fe) Importer(815301076,1909f56bfc062723c751e8b465ee728b)
Start importing Assets/Scenes/scene 3.unity using Guid(e69bf11730790bd4ab3c9d67d8e348fe) Importer(815301076,1909f56bfc062723c751e8b465ee728b)  -> (artifact id: 'ed12339e218ffde7bb4ee28c2e212da4') in 0.001954 seconds
Number of updated asset objects reloaded before import = 0
Number of asset objects unloaded after import = 0
========================================================================
Received Prepare
Refreshing native plugins compatible for Editor in 17.38 ms, found 6 plugins.
Preloading 2 native plugins for Editor in 0.19 ms.
Unloading 4 Unused Serialized files (Serialized files now loaded: 0)
Unloading 5 unused Assets / (70.1 KB). Loaded Objects now: 3950.
Memory consumption went from 87.3 MB to 87.2 MB.
Total: 13.009500 ms (FindLiveObjects: 0.473500 ms CreateObjectMapping: 6.960900 ms MarkObjects: 5.390900 ms  DeleteObjects: 0.182200 ms)

Prepare: number of updated asset objects reloaded= 0
AssetImportParameters requested are different than current active one (requested -> active):
  custom:container-demuxer-ogg: 62fdf1f143b41e24485cea50d1cbac27 -> 
  custom:video-codec-MediaFoundation-h265: 746d11721c4dcdbdad8f713fa42b33f4 -> 
  custom:video-decoder-ogg-theora: a1e56fd34408186e4bbccfd4996cb3dc -> 
  custom:framework-win-MediaFoundation: 216162199b28c13a410421893ffa2e32 -> 
  custom:CustomObjectIndexerAttribute: 6d391050e5a25f67b0a2c618074f2cd9 -> 
  custom:container-demuxer-webm: 4f35f7cbe854078d1ac9338744f61a02 -> 
  custom:container-muxer-webm: aa71ff27fc2769a1b78a27578f13a17b -> 
  custom:video-decoder-webm-vp8: 9c59270c3fd7afecdb556c50c9e8de78 -> 
  custom:SearchIndexIgnoredProperties: e643bd26f0fe6173181afceb89e7c659 -> 
  custom:AudioImporter_EditorPlatform: d09bf68614088b80899f8185d706f6e7 -> 
  custom:video-encoder-webm-vp8: eb34c28f22e8b96e1ab97ce403110664 -> 
  custom:audio-decoder-ogg-vorbis: bf7c407c2cedff20999df2af8eb42d56 -> 
  custom:audio-encoder-webm-vorbis: bf7c407c2cedff20999df2af8eb42d56 -> 
========================================================================
Received Prepare
Begin MonoManager ReloadAssembly
- Loaded All Assemblies, in  1.171 seconds
Refreshing native plugins compatible for Editor in 19.75 ms, found 6 plugins.
Native extension for WindowsStandalone target not found
Native extension for Android target not found
Native extension for WebGL target not found
[Package Manager] Server::EnsureServerProcessIsRunning -- launch failed, reason: Unity was launched with the -noUpm command-line argument
[Package Manager] UpmClient::Send -- Unable to send message (not connected to UPM process).
[Package Manager] Cannot connect to Unity Package Manager local server
Mono: successfully reloaded assembly
- Finished resetting the current domain, in  8.602 seconds
Domain Reload Profiling: 9765ms
	BeginReloadAssembly (243ms)
		ExecutionOrderSort (0ms)
		DisableScriptedObjects (6ms)
		BackupInstance (0ms)
		ReleaseScriptingObjects (0ms)
		CreateAndSetChildDomain (51ms)
	RebuildCommonClasses (52ms)
	RebuildNativeTypeToScriptingClass (21ms)
	initialDomainReloadingComplete (108ms)
	LoadAllAssembliesAndSetupDomain (737ms)
		LoadAssemblies (856ms)
		RebuildTransferFunctionScriptingTraits (0ms)
		AnalyzeDomain (21ms)
			TypeCache.Refresh (8ms)
				TypeCache.ScanAssembly (0ms)
			ScanForSourceGeneratedMonoScriptInfo (0ms)
			ResolveRequiredComponents (11ms)
	FinalizeReload (8603ms)
		ReleaseScriptCaches (0ms)
		RebuildScriptCaches (0ms)
		SetupLoadedEditorAssemblies (571ms)
			LogAssemblyErrors (0ms)
			InitializePlatformSupportModulesInManaged (39ms)
			SetLoadedEditorAssemblies (6ms)
			RefreshPlugins (0ms)
			BeforeProcessingInitializeOnLoad (81ms)
			ProcessInitializeOnLoadAttributes (398ms)
			ProcessInitializeOnLoadMethodAttributes (35ms)
			AfterProcessingInitializeOnLoad (11ms)
			EditorAssembliesLoaded (0ms)
		ExecutionOrderSort2 (0ms)
		AwakeInstancesAfterBackupRestoration (11ms)
Refreshing native plugins compatible for Editor in 20.41 ms, found 6 plugins.
Preloading 2 native plugins for Editor in 0.23 ms.
Unloading 3127 Unused Serialized files (Serialized files now loaded: 0)
Unloading 52 unused Assets / (76.7 KB). Loaded Objects now: 3951.
Memory consumption went from 137.4 MB to 137.4 MB.
Total: 4.742100 ms (FindLiveObjects: 0.556700 ms CreateObjectMapping: 0.389600 ms MarkObjects: 3.626500 ms  DeleteObjects: 0.167700 ms)

Prepare: number of updated asset objects reloaded= 0
AssetImportParameters requested are different than current active one (requested -> active):
  custom:container-demuxer-ogg: 62fdf1f143b41e24485cea50d1cbac27 -> 
  custom:video-codec-MediaFoundation-h265: 746d11721c4dcdbdad8f713fa42b33f4 -> 
  custom:video-decoder-ogg-theora: a1e56fd34408186e4bbccfd4996cb3dc -> 
  custom:framework-win-MediaFoundation: 216162199b28c13a410421893ffa2e32 -> 
  custom:CustomObjectIndexerAttribute: 6d391050e5a25f67b0a2c618074f2cd9 -> 
  custom:container-demuxer-webm: 4f35f7cbe854078d1ac9338744f61a02 -> 
  custom:container-muxer-webm: aa71ff27fc2769a1b78a27578f13a17b -> 
  custom:video-decoder-webm-vp8: 9c59270c3fd7afecdb556c50c9e8de78 -> 
  custom:SearchIndexIgnoredProperties: e643bd26f0fe6173181afceb89e7c659 -> 
  custom:AudioImporter_EditorPlatform: d09bf68614088b80899f8185d706f6e7 -> 
  custom:video-encoder-webm-vp8: eb34c28f22e8b96e1ab97ce403110664 -> 
  custom:audio-decoder-ogg-vorbis: bf7c407c2cedff20999df2af8eb42d56 -> 
  custom:audio-encoder-webm-vorbis: bf7c407c2cedff20999df2af8eb42d56 -> 
